<?xml version="1.0" encoding="UTF-8"?>
<testng-results ignored="4" total="8" passed="4" failed="0" skipped="0">
  <reporter-output>
  </reporter-output>
  <suite started-at="2023-03-11T14:08:25 IST" name="Test Suite" finished-at="2023-03-11T14:08:25 IST" duration-ms="87">
    <groups>
      <group name="VIVO">
        <method signature="GroupingExamples.VIVO1()[pri:0, instance:testNG.GroupingExamples@56528192]" name="VIVO1" class="testNG.GroupingExamples"/>
        <method signature="GroupingExamples.VIVO2()[pri:0, instance:testNG.GroupingExamples@56528192]" name="VIVO2" class="testNG.GroupingExamples"/>
      </group> <!-- VIVO -->
      <group name="Moto">
        <method signature="GroupingExamples.Moto1()[pri:0, instance:testNG.GroupingExamples@56528192]" name="Moto1" class="testNG.GroupingExamples"/>
        <method signature="GroupingExamples.Moto2()[pri:0, instance:testNG.GroupingExamples@56528192]" name="Moto2" class="testNG.GroupingExamples"/>
      </group> <!-- Moto -->
    </groups>
    <test started-at="2023-03-11T14:08:25 IST" name="Test cases" finished-at="2023-03-11T14:08:25 IST" duration-ms="87">
      <class name="testNG.GroupingExamples">
        <test-method signature="Moto1()[pri:0, instance:testNG.GroupingExamples@56528192]" started-at="2023-03-11T14:08:25 IST" name="Moto1" finished-at="2023-03-11T14:08:25 IST" duration-ms="16" status="PASS">
          <reporter-output>
          </reporter-output>
        </test-method> <!-- Moto1 -->
        <test-method signature="Moto2()[pri:0, instance:testNG.GroupingExamples@56528192]" started-at="2023-03-11T14:08:25 IST" name="Moto2" finished-at="2023-03-11T14:08:25 IST" duration-ms="2" status="PASS">
          <reporter-output>
          </reporter-output>
        </test-method> <!-- Moto2 -->
        <test-method signature="VIVO1()[pri:0, instance:testNG.GroupingExamples@56528192]" started-at="2023-03-11T14:08:25 IST" name="VIVO1" finished-at="2023-03-11T14:08:25 IST" duration-ms="1" status="PASS">
          <reporter-output>
          </reporter-output>
        </test-method> <!-- VIVO1 -->
        <test-method signature="VIVO2()[pri:0, instance:testNG.GroupingExamples@56528192]" started-at="2023-03-11T14:08:25 IST" name="VIVO2" finished-at="2023-03-11T14:08:25 IST" duration-ms="3" status="PASS">
          <reporter-output>
          </reporter-output>
        </test-method> <!-- VIVO2 -->
      </class> <!-- testNG.GroupingExamples -->
    </test> <!-- Test cases -->
  </suite> <!-- Test Suite -->
</testng-results>
