<?xml version="1.0" encoding="UTF-8"?>
<!-- Generated by org.testng.reporters.JUnitXMLReporter -->
<testsuite ignored="4" hostname="DESKTOP-LDK6U86" failures="0" tests="4" name="Test cases" time="0.087" errors="0" timestamp="2023-03-11T14:08:25 IST">
  <testcase classname="testNG.GroupingExamples" name="Moto1" time="0.016"/>
  <testcase classname="testNG.GroupingExamples" name="Moto2" time="0.002"/>
  <testcase classname="testNG.GroupingExamples" name="VIVO1" time="0.001"/>
  <testcase classname="testNG.GroupingExamples" name="VIVO2" time="0.003"/>
  <testcase classname="testNG.GroupingExamples" name="Lenovo1" time="0.0">
    <ignored/>
  </testcase> <!-- Lenovo1 -->
  <testcase classname="testNG.GroupingExamples" name="Apple2" time="0.0">
    <ignored/>
  </testcase> <!-- Apple2 -->
  <testcase classname="testNG.GroupingExamples" name="Apple1" time="0.0">
    <ignored/>
  </testcase> <!-- Apple1 -->
  <testcase classname="testNG.GroupingExamples" name="Lenovo2" time="0.0">
    <ignored/>
  </testcase> <!-- Lenovo2 -->
</testsuite> <!-- Test cases -->
