<?xml version="1.0" encoding="UTF-8"?>
<!-- Generated by org.testng.reporters.JUnitXMLReporter -->
<testsuite ignored="1" hostname="DESKTOP-LDK6U86" failures="0" tests="17" name="Test cases" time="0.178" errors="0" timestamp="2023-03-11T12:51:38 IST">
  <testcase classname="testNG.DependenciesManagement" name="GCEOrdinerylevel" time="0.012"/>
  <testcase classname="testNG.DependenciesManagement" name="GCEAdvancedlevel" time="0.001"/>
  <testcase classname="testNG.DependenciesManagement" name="University" time="0.004"/>
  <testcase classname="testNG.PriorityExample" name="StartTheCar" time="0.006"/>
  <testcase classname="testNG.PriorityExample" name="FirstGear" time="0.005"/>
  <testcase classname="testNG.PriorityExample" name="SecondGear" time="0.006"/>
  <testcase classname="testNG.PriorityExample" name="ThirdGear" time="0.004"/>
  <testcase classname="testNG.PriorityExample" name="FourthGear" time="0.003"/>
  <testcase classname="testNG.SampleTestCase" name="firstTestCase" time="0.004"/>
  <testcase classname="testNG.SampleTestCase" name="forthTestCase" time="0.004"/>
  <testcase classname="testNG.SampleTestCase" name="secondTestCase" time="0.002"/>
  <testcase classname="testNG.SampleTestCase" name="thirdTestCase" time="0.004"/>
  <testcase classname="testNG.SkipATestCase" name="StartTheCar" time="0.001"/>
  <testcase classname="testNG.SkipATestCase" name="FirstGear" time="0.002"/>
  <testcase classname="testNG.SkipATestCase" name="SecondGear" time="0.001"/>
  <testcase classname="testNG.SkipATestCase" name="ThirdGear" time="0.002"/>
  <testcase classname="testNG.SkipATestCase" name="FourthGear" time="0.001"/>
  <testcase classname="testNG.SkipATestCase" name="MusicOn" time="0.0">
    <ignored/>
  </testcase> <!-- MusicOn -->
</testsuite> <!-- Test cases -->
