<?xml version="1.0" encoding="UTF-8"?>
<!-- Generated by org.testng.reporters.JUnitXMLReporter -->
<testsuite ignored="0" hostname="DESKTOP-LDK6U86" failures="0" tests="3" name="Default test" time="0.113" errors="0" timestamp="2023-03-07T01:49:54 IST">
  <testcase classname="testNG.DependenciesManagement" name="GCEOrdinerylevel" time="0.019"/>
  <testcase classname="testNG.DependenciesManagement" name="GCEAdvancedlevel" time="0.004"/>
  <testcase classname="testNG.DependenciesManagement" name="University" time="0.003"/>
</testsuite> <!-- Default test -->
