<?xml version="1.0" encoding="UTF-8"?>
<!-- Generated by org.testng.reporters.JUnitXMLReporter -->
<testsuite ignored="0" hostname="DESKTOP-LDK6U86" failures="0" tests="3" name="Default test" time="14.533" errors="0" timestamp="2023-03-11T12:04:36 IST">
  <testcase classname="testNG.SuiteExamples" name="openbing" time="1.722"/>
  <testcase classname="testNG.SuiteExamples" name="opengoogle" time="1.931"/>
  <testcase classname="testNG.SuiteExamples" name="openyahoo" time="10.812"/>
</testsuite> <!-- Default test -->
